make all --print-data-base --no-builtin-variables --no-builtin-rules --question
# GNU Make 4.1
# Built for arm-unknown-linux-gnueabihf
# Copyright (C) 1988-2014 Free Software Foundation, Inc.
# License GPLv3+: GNU GPL version 3 or later <http://gnu.org/licenses/gpl.html>
# This is free software: you are free to change and redistribute it.
# There is NO WARRANTY, to the extent permitted by law.

# Make data base, printed on Thu Jun 10 03:30:54 2021

# Variables

# automatic
<D = $(patsubst %/,%,$(dir $<))
# automatic
?F = $(notdir $?)
# default
.SHELLFLAGS := -c
# environment
VSCODE_AGENT_FOLDER = /home/debian/.vscode-server
# environment
VSCODE_LOG_NATIVE = false
# automatic
?D = $(patsubst %/,%,$(dir $?))
# automatic
@D = $(patsubst %/,%,$(dir $@))
# automatic
@F = $(notdir $@)
# default
MAKE_VERSION := 4.1
# makefile
CURDIR := /home/debian/source/exploringBB/chp14/openCV
# makefile
SHELL = /bin/sh
# environment
VSCODE_NLS_CONFIG = {"locale":"en","availableLanguages":{}}
# environment
_ = /home/debian/.vscode-server/bin/054a9295330880ed74ceaedda236253b4f39a335/node
# makefile (from 'Makefile', line 1)
MAKEFILE_LIST :=  Makefile
# 'override' directive
GNUMAKEFLAGS := 
# environment
VSCODE_VERBOSE_LOGGING = true
# environment
VSCODE_CWD = /home/debian
# environment
SSH_CONNECTION = 192.168.50.231 52583 192.168.50.242 22
# environment
PATH = /home/debian/.vscode-server/bin/054a9295330880ed74ceaedda236253b4f39a335/bin:/home/debian/bin:/usr/local/sbin:/usr/local/bin:/usr/sbin:/usr/bin:/sbin:/bin:/usr/local/games:/usr/games
# environment
XDG_RUNTIME_DIR = /run/user/1000
# environment
VSCODE_LOG_STACK = false
# default
.FEATURES := target-specific order-only second-expansion else-if shortest-stem undefine oneshell archives jobserver output-sync check-symlink load
# environment
LS_COLORS = 
# automatic
%F = $(notdir $%)
# environment
VSCODE_PIPE_LOGGING = true
# environment
PWD = /home/debian/source/exploringBB/chp14/openCV
# environment
VSCODE_IPC_HOOK_CLI = /run/user/1000/vscode-ipc-97dcb8be-cbdc-4e2e-afc6-2970702d2a0c.sock
# automatic
*D = $(patsubst %/,%,$(dir $*))
# environment
PRU_C_DIR = /usr/share/ti/cgt-pru/include;/usr/share/ti/cgt-pru/lib
# environment
VSCODE_AMD_ENTRYPOINT = vs/server/remoteExtensionHostProcess
# environment
HOME = /home/debian
# environment
LOGNAME = debian
# environment
APPLICATION_INSIGHTS_NO_DIAGNOSTIC_CHANNEL = true
# automatic
+F = $(notdir $+)
# environment
VSCODE_HANDLES_UNCAUGHT_ERRORS = true
# automatic
^D = $(patsubst %/,%,$(dir $^))
# environment
MAKELEVEL := 0
# default
MAKE = $(MAKE_COMMAND)
# default
MAKECMDGOALS := all
# environment
SHLVL = 3
# environment
XDG_SESSION_ID = 9
# environment
USER = debian
# makefile
.DEFAULT_GOAL := ALL
# automatic
%D = $(patsubst %/,%,$(dir $%))
# default
MAKE_COMMAND := make
# environment
OLDPWD = /home/debian/.vscode-server/bin/054a9295330880ed74ceaedda236253b4f39a335
# default
.VARIABLES := 
# automatic
*F = $(notdir $*)
# environment
NODE_PATH = /usr/local/lib/node_modules
# makefile
MAKEFLAGS = pqrR
# environment
MFLAGS = -pqrR
# environment
SSH_CLIENT = 192.168.50.231 52583 22
# environment
MAIL = /var/mail/debian
# automatic
+D = $(patsubst %/,%,$(dir $+))
# environment
BROWSER = /home/debian/.vscode-server/bin/054a9295330880ed74ceaedda236253b4f39a335/bin/helpers/browser.sh
# default
MAKEFILES := 
# automatic
<F = $(notdir $<)
# environment
LC_ALL = C
# automatic
^F = $(notdir $^)
# default
SUFFIXES := 
# default
.INCLUDE_DIRS = /usr/include /usr/local/include /usr/include
# environment
VSCODE_INJECT_NODE_MODULE_LOOKUP_PATH = /home/debian/.vscode-server/bin/054a9295330880ed74ceaedda236253b4f39a335/remote/node_modules
# default
.RECIPEPREFIX := 
# default
MAKE_HOST := arm-unknown-linux-gnueabihf
# environment
LANG = C
# environment
VSCODE_EXTHOST_WILL_SEND_SOCKET = true
# variable set hash-table stats:
# Load=66/1024=6%, Rehash=0, Collisions=7/91=8%

# Pattern-specific Variable Values

# No pattern-specific variable values.

# Directories

# . (device 45825, inode 54107): 21 files, no impossibilities.

# 21 files, no impossibilities in 1 directories.

# Implicit Rules

# No implicit rules.

# Files

ALL: clean main
#  Implicit rule search has not been done.
#  Modification time never checked.
#  File has not been updated.
#  recipe to execute (from 'Makefile', line 2):
	

exe:
#  Implicit rule search has not been done.
#  Modification time never checked.
#  File has not been updated.
#  recipe to execute (from 'Makefile', line 7):
	
	

# Not a target:
all:
#  Command line target.
#  Implicit rule search has been done.
#  File does not exist.
#  File has not been updated.

# Not a target:
Makefile:
#  Implicit rule search has been done.
#  Last modified 2021-06-10 03:30:04.520385195
#  File has been updated.
#  Successfully updated.

# Not a target:
.DEFAULT:
#  Implicit rule search has not been done.
#  Modification time never checked.
#  File has not been updated.

clean:
#  Implicit rule search has not been done.
#  Modification time never checked.
#  File has not been updated.
#  recipe to execute (from 'Makefile', line 10):
	@rm *.o 

main:
#  Implicit rule search has not been done.
#  Modification time never checked.
#  File has not been updated.
#  recipe to execute (from 'Makefile', line 4):
	@g++ -O2 `pkg-config --cflags --libs opencv` boneCV.cpp -o ttt

# files hash-table stats:
# Load=8/1024=1%, Rehash=0, Collisions=0/22=0%
# VPATH Search Paths

# No 'vpath' search paths.

# No general ('VPATH' variable) search path.

# strcache buffers: 1 (0) / strings = 30 / storage = 292 B / avg = 9 B
# current buf: size = 8174 B / used = 292 B / count = 30 / avg = 9 B

# strcache performance: lookups = 40 / hit rate = 25%
# hash-table stats:
# Load=30/8192=0%, Rehash=0, Collisions=1/40=2%
# Finished Make data base on Thu Jun 10 03:30:54 2021

 
make: *** No rule to make target 'all'.  Stop.
 
